<?xml version="1.0" encoding="UTF-8"?>
<testsuite xmlns:xsi="http://www.w3.org/2001/XMLSchema-instance" xsi:noNamespaceSchemaLocation="https://maven.apache.org/surefire/maven-surefire-plugin/xsd/surefire-test-report-3.0.xsd" version="3.0" name="com.example.demo.Demo4ApplicationTests" time="6.959" tests="1" errors="0" skipped="0" failures="0">
  <properties>
[...]
</properties>
  <testcase name="contextLoads" classname="com.example.demo.Demo4ApplicationTests" time="2.112">
    <system-out><![CDATA[11:12:23.102 [main] INFO org.springframework.test.context.support.AnnotationConfigContextLoaderUtils -- Could not detect default configuration classes for test class [com.example.demo.Demo4ApplicationTests]: Demo4ApplicationTests does not declare any static, non-private, non-final, nested classes annotated with @Configuration.
11:12:23.544 [main] INFO org.springframework.boot.test.context.SpringBootTestContextBootstrapper -- Found @SpringBootConfiguration com.example.demo.Demo4Application for test class com.example.demo.Demo4ApplicationTests

  .   ____          _            __ _ _
 /\\ / ___'_ __ _ _(_)_ __  __ _ \ \ \ \
( ( )\___ | '_ | '_| | '_ \/ _` | \ \ \ \
 \\/  ___)| |_)| | | | | || (_| |  ) ) ) )
  '  |____| .__|_| |_|_| |_\__, | / / / /
 =========|_|==============|___/=/_/_/_/
 :: Spring Boot ::               (v3.2.11)

2024-11-19T11:12:24.923-05:00  INFO 14900 --- [demo-4] [           main] com.example.demo.Demo4ApplicationTests   : Starting Demo4ApplicationTests using Java 17.0.13 with PID 14900 (started by nikil in C:\Users\nikil\Documents\workspace-spring-tool-suite-4-4.26.0.RELEASE\demo-4)
2024-11-19T11:12:24.926-05:00  INFO 14900 --- [demo-4] [           main] com.example.demo.Demo4ApplicationTests   : No active profile set, falling back to 1 default profile: "default"
2024-11-19T11:12:27.356-05:00  INFO 14900 --- [demo-4] [           main] com.example.demo.Demo4ApplicationTests   : Started Demo4ApplicationTests in 3.177 seconds (process running for 6.408)
]]></system-out>
  </testcase>
</testsuite>